<?xml version="1.0" encoding="UTF-8"?>
<testsuite name="com.telerikacademy.socialnetwork.services.LikedCommentServiceImplTest" tests="14" skipped="0" failures="0" errors="0" timestamp="2019-11-12T01:33:29" hostname="yavor-Aspire-A715-72G" time="0.019">
  <properties/>
  <testcase name="get_count_likedComment_by_user_should_return_count_of_likedComments" classname="com.telerikacademy.socialnetwork.services.LikedCommentServiceImplTest" time="0.001"/>
  <testcase name="get_likedComment_by_user_and_comment_when_data_invalid" classname="com.telerikacademy.socialnetwork.services.LikedCommentServiceImplTest" time="0.002"/>
  <testcase name="get_likedComment_by_comment_should_return_list_of_likedComments" classname="com.telerikacademy.socialnetwork.services.LikedCommentServiceImplTest" time="0.001"/>
  <testcase name="throw_exception_to_create_likedComment_when_comment_invalid" classname="com.telerikacademy.socialnetwork.services.LikedCommentServiceImplTest" time="0.001"/>
  <testcase name="delete_likedComment_when_data_valid" classname="com.telerikacademy.socialnetwork.services.LikedCommentServiceImplTest" time="0.002"/>
  <testcase name="test_does_likedComment_exist_should_return_boolean" classname="com.telerikacademy.socialnetwork.services.LikedCommentServiceImplTest" time="0.002"/>
  <testcase name="create_likedComment_when_data_valid" classname="com.telerikacademy.socialnetwork.services.LikedCommentServiceImplTest" time="0.001"/>
  <testcase name="get_likedComments_by_user_should_return_list_of_likedComments" classname="com.telerikacademy.socialnetwork.services.LikedCommentServiceImplTest" time="0.0"/>
  <testcase name="get_likedComment_by_id_should_return_likedComment" classname="com.telerikacademy.socialnetwork.services.LikedCommentServiceImplTest" time="0.0"/>
  <testcase name="throw_exception_to_create_likedComment_when_user_invalid" classname="com.telerikacademy.socialnetwork.services.LikedCommentServiceImplTest" time="0.001"/>
  <testcase name="get_likedComment_by_user_and_comment_should_return_likedComment" classname="com.telerikacademy.socialnetwork.services.LikedCommentServiceImplTest" time="0.001"/>
  <testcase name="get_count_likedComment_by_comment_should_return_count_of_likedComments" classname="com.telerikacademy.socialnetwork.services.LikedCommentServiceImplTest" time="0.001"/>
  <testcase name="throw_exception_to_create_likedComment_when_likedComment_invalid" classname="com.telerikacademy.socialnetwork.services.LikedCommentServiceImplTest" time="0.001"/>
  <testcase name="get_likedComment_by_id_when_data_invalid" classname="com.telerikacademy.socialnetwork.services.LikedCommentServiceImplTest" time="0.001"/>
  <system-out><![CDATA[]]></system-out>
  <system-err><![CDATA[]]></system-err>
</testsuite>
